Copyright 1986-2020 Xilinx, Inc. All Rights Reserved.
-------------------------------------------------------------------------------------
| Tool Version : Vivado v.2020.2 (win64) Build 3064766 Wed Nov 18 09:12:45 MST 2020
| Date         : Thu Jul  8 19:00:08 2021
| Host         : DESKTOP-TI4I8NG running 64-bit major release  (build 9200)
| Command      : report_control_sets -verbose -file top_file_control_sets_placed.rpt
| Design       : top_file
| Device       : xc7a35t
-------------------------------------------------------------------------------------

Control Set Information

Table of Contents
-----------------
1. Summary
2. Histogram
3. Flip-Flop Distribution
4. Detailed Control Set Information

1. Summary
----------

+----------------------------------------------------------+-------+
|                          Status                          | Count |
+----------------------------------------------------------+-------+
| Total control sets                                       |   155 |
|    Minimum number of control sets                        |   155 |
|    Addition due to synthesis replication                 |     0 |
|    Addition due to physical synthesis replication        |     0 |
| Unused register locations in slices containing registers |   994 |
+----------------------------------------------------------+-------+
* Control sets can be merged at opt_design using control_set_merge or merge_equivalent_drivers
** Run report_qor_suggestions for automated merging and remapping suggestions


2. Histogram
------------

+--------------------+-------+
|       Fanout       | Count |
+--------------------+-------+
| Total control sets |   155 |
| >= 0 to < 4        |   130 |
| >= 4 to < 6        |    19 |
| >= 6 to < 8        |     0 |
| >= 8 to < 10       |     1 |
| >= 10 to < 12      |     0 |
| >= 12 to < 14      |     1 |
| >= 14 to < 16      |     1 |
| >= 16              |     3 |
+--------------------+-------+
* Control sets can be remapped at either synth_design or opt_design


3. Flip-Flop Distribution
-------------------------

+--------------+-----------------------+------------------------+-----------------+--------------+
| Clock Enable | Synchronous Set/Reset | Asynchronous Set/Reset | Total Registers | Total Slices |
+--------------+-----------------------+------------------------+-----------------+--------------+
| No           | No                    | No                     |               7 |            5 |
| No           | No                    | Yes                    |             188 |           92 |
| No           | Yes                   | No                     |              61 |           47 |
| Yes          | No                    | No                     |              56 |           18 |
| Yes          | No                    | Yes                    |              94 |           58 |
| Yes          | Yes                   | No                     |               0 |            0 |
+--------------+-----------------------+------------------------+-----------------+--------------+


4. Detailed Control Set Information
-----------------------------------

+-------------------------------------------------------+---------------------------------------------------+------------------------------------------------------+------------------+----------------+--------------+
|                      Clock Signal                     |                   Enable Signal                   |                   Set/Reset Signal                   | Slice Load Count | Bel Load Count | Bels / Slice |
+-------------------------------------------------------+---------------------------------------------------+------------------------------------------------------+------------------+----------------+--------------+
|  u_main_counter/except0/LeapYear_reg/G0               |                                                   |                                                      |                1 |              1 |         1.00 |
|  u_note_module/except0/LeapYear_reg/G0                |                                                   |                                                      |                1 |              1 |         1.00 |
|  u_key_debounce/btn_out[2]                            |                                                   | u_smg/rst                                            |                1 |              1 |         1.00 |
|  Receivor0/rst_12                                     |                                                   | Receivor0/datedata_reg[16]_0                         |                1 |              1 |         1.00 |
|  Receivor0/datedata_reg[8]_0                          |                                                   | Receivor0/datedata_reg[9]_1                          |                1 |              1 |         1.00 |
|  Receivor0/datedata_reg[8]_2                          |                                                   | Receivor0/datedata_reg[8]_1                          |                1 |              1 |         1.00 |
|  Receivor0/rst_0                                      |                                                   | Receivor0/datedata_reg[12]_0                         |                1 |              1 |         1.00 |
|  Receivor0/datedata_reg[9]_0                          |                                                   | Receivor0/datedata_reg[12]_1                         |                1 |              1 |         1.00 |
|  Receivor0/rst_10                                     |                                                   | Receivor0/state2_inferred__0/i__carry__0             |                1 |              1 |         1.00 |
|  Receivor0/rst_11                                     |                                                   | Receivor0/datedata_reg[16]_1                         |                1 |              1 |         1.00 |
|  Receivor0/timedata_reg[1]_1                          |                                                   | Receivor0/timedata_reg[1]_0                          |                1 |              1 |         1.00 |
|  Receivor0/timedata_reg[22]_1                         |                                                   | Receivor0/timedata_reg[22]_0                         |                1 |              1 |         1.00 |
|  Receivor0/timedata_reg[18]_1                         |                                                   | Receivor0/timedata_reg[18]_0                         |                1 |              1 |         1.00 |
|  Receivor0/timedata_reg[23]_1                         |                                                   | Receivor0/timedata_reg[23]_0                         |                1 |              1 |         1.00 |
|  Receivor0/timedata_reg[15]_1                         |                                                   | Receivor0/timedata_reg[15]_0                         |                1 |              1 |         1.00 |
|  Receivor0/timedata_reg[17]_1                         |                                                   | Receivor0/timedata_reg[17]_0                         |                1 |              1 |         1.00 |
|  Receivor0/rst_4                                      |                                                   | Receivor0/state2_inferred__0/i__carry__1_1           |                1 |              1 |         1.00 |
|  Receivor0/timedata_reg[20]_1                         |                                                   | Receivor0/timedata_reg[20]_0                         |                1 |              1 |         1.00 |
|  Receivor0/timedata_reg[0]_1                          |                                                   | Receivor0/timedata_reg[0]_0                          |                1 |              1 |         1.00 |
|  Receivor0/rst_5                                      |                                                   | Receivor0/state2_inferred__0/i__carry__1_0           |                1 |              1 |         1.00 |
|  Receivor0/timedata_reg[16]_1                         |                                                   | Receivor0/timedata_reg[16]_0                         |                1 |              1 |         1.00 |
|  Receivor0/timedata_reg[19]_1                         |                                                   | Receivor0/timedata_reg[19]_0                         |                1 |              1 |         1.00 |
|  Receivor0/rst_6                                      |                                                   | Receivor0/state2_inferred__0/i__carry__1             |                1 |              1 |         1.00 |
|  Receivor0/timedata_reg[13]_1                         |                                                   | Receivor0/timedata_reg[13]_0                         |                1 |              1 |         1.00 |
|  Receivor0/timedata_reg[14]_1                         |                                                   | Receivor0/timedata_reg[14]_0                         |                1 |              1 |         1.00 |
|  Receivor0/timedata_reg[10]_1                         |                                                   | Receivor0/timedata_reg[10]_0                         |                1 |              1 |         1.00 |
|  Receivor0/timedata_reg[21]_1                         |                                                   | Receivor0/timedata_reg[21]_0                         |                1 |              1 |         1.00 |
|  Receivor0/timedata_reg[11]_1                         |                                                   | Receivor0/timedata_reg[11]_0                         |                1 |              1 |         1.00 |
|  Receivor0/rst_7                                      |                                                   | Receivor0/state2_inferred__0/i__carry__0_0           |                1 |              1 |         1.00 |
|  Receivor0/timedata_reg[12]_1                         |                                                   | Receivor0/timedata_reg[12]_0                         |                1 |              1 |         1.00 |
|  Receivor0/timedata_reg[7]_1                          |                                                   | Receivor0/timedata_reg[7]_0                          |                1 |              1 |         1.00 |
|  Receivor0/timedata_reg[6]_1                          |                                                   | Receivor0/timedata_reg[6]_0                          |                1 |              1 |         1.00 |
|  Receivor0/timedata_reg[8]_1                          |                                                   | Receivor0/timedata_reg[8]_0                          |                1 |              1 |         1.00 |
|  Receivor0/timedata_reg[3]_1                          |                                                   | Receivor0/timedata_reg[3]_0                          |                1 |              1 |         1.00 |
|  Receivor0/timedata_reg[2]_1                          |                                                   | Receivor0/timedata_reg[2]_0                          |                1 |              1 |         1.00 |
|  Receivor0/timedata_reg[9]_1                          |                                                   | Receivor0/timedata_reg[9]_0                          |                1 |              1 |         1.00 |
|  Receivor0/timedata_reg[4]_1                          |                                                   | Receivor0/timedata_reg[4]_0                          |                1 |              1 |         1.00 |
|  Receivor0/timedata_reg[5]_1                          |                                                   | Receivor0/timedata_reg[5]_0                          |                1 |              1 |         1.00 |
|  u_main_counter/yearCounter/state_reg[11]_LDC_i_1_n_0 |                                                   | Receivor0/rst_3                                      |                1 |              1 |         1.00 |
|  u_main_counter/yearCounter/state_reg[5]_LDC_i_1_n_0  |                                                   | Receivor0/rst_9                                      |                1 |              1 |         1.00 |
|  u_main_counter/yearCounter/state_reg[6]_LDC_i_1_n_0  |                                                   | Receivor0/rst_8                                      |                1 |              1 |         1.00 |
|  divclk                                               |                                                   | Receivor0/timedata_reg[15]_0                         |                1 |              1 |         1.00 |
|  divclk                                               |                                                   | Receivor0/timedata_reg[1]_1                          |                1 |              1 |         1.00 |
|  divclk                                               |                                                   | Receivor0/timedata_reg[22]_0                         |                1 |              1 |         1.00 |
|  divclk                                               |                                                   | Receivor0/timedata_reg[23]_0                         |                1 |              1 |         1.00 |
|  divclk                                               |                                                   | Receivor0/timedata_reg[13]_0                         |                1 |              1 |         1.00 |
|  divclk                                               |                                                   | Receivor0/timedata_reg[18]_0                         |                1 |              1 |         1.00 |
|  divclk                                               |                                                   | Receivor0/timedata_reg[20]_0                         |                1 |              1 |         1.00 |
|  divclk                                               |                                                   | Receivor0/timedata_reg[2]_0                          |                1 |              1 |         1.00 |
|  divclk                                               |                                                   | Receivor0/timedata_reg[0]_1                          |                1 |              1 |         1.00 |
|  divclk                                               |                                                   | Receivor0/timedata_reg[0]_0                          |                1 |              1 |         1.00 |
|  divclk                                               |                                                   | Receivor0/timedata_reg[11]_0                         |                1 |              1 |         1.00 |
|  divclk                                               |                                                   | Receivor0/timedata_reg[12]_0                         |                1 |              1 |         1.00 |
|  divclk                                               |                                                   | Receivor0/timedata_reg[16]_0                         |                1 |              1 |         1.00 |
|  divclk                                               |                                                   | Receivor0/timedata_reg[21]_0                         |                1 |              1 |         1.00 |
|  divclk                                               |                                                   | Receivor0/timedata_reg[17]_0                         |                1 |              1 |         1.00 |
|  divclk                                               |                                                   | Receivor0/timedata_reg[14]_0                         |                1 |              1 |         1.00 |
|  divclk                                               |                                                   | Receivor0/timedata_reg[1]_0                          |                1 |              1 |         1.00 |
|  divclk                                               |                                                   | Receivor0/timedata_reg[19]_0                         |                1 |              1 |         1.00 |
|  divclk                                               |                                                   | Receivor0/timedata_reg[10]_0                         |                1 |              1 |         1.00 |
|  divclk                                               |                                                   | Receivor0/timedata_reg[3]_0                          |                1 |              1 |         1.00 |
|  divclk                                               |                                                   | Receivor0/timedata_reg[9]_0                          |                1 |              1 |         1.00 |
|  divclk                                               |                                                   | Receivor0/timedata_reg[4]_0                          |                1 |              1 |         1.00 |
|  divclk                                               |                                                   | Receivor0/timedata_reg[3]_1                          |                1 |              1 |         1.00 |
|  divclk                                               |                                                   | Receivor0/timedata_reg[7]_0                          |                1 |              1 |         1.00 |
|  divclk                                               |                                                   | Receivor0/timedata_reg[6]_0                          |                1 |              1 |         1.00 |
|  divclk                                               |                                                   | Receivor0/timedata_reg[2]_1                          |                1 |              1 |         1.00 |
|  divclk                                               |                                                   | Receivor0/timedata_reg[8]_0                          |                1 |              1 |         1.00 |
|  divclk                                               |                                                   | Receivor0/timedata_reg[5]_0                          |                1 |              1 |         1.00 |
|  divclk                                               | hms_cnt0/min_h[3]_P_i_1_n_0                       | Receivor0/timedata_reg[15]_1                         |                1 |              1 |         1.00 |
|  divclk                                               | hms_cnt0/min_h[3]_P_i_1_n_0                       | Receivor0/timedata_reg[13]_1                         |                1 |              1 |         1.00 |
|  divclk                                               | hms_cnt0/min_h[3]_P_i_1_n_0                       | Receivor0/timedata_reg[14]_1                         |                1 |              1 |         1.00 |
|  divclk                                               | hms_cnt0/min_h[3]_P_i_1_n_0                       | Receivor0/timedata_reg[12]_1                         |                1 |              1 |         1.00 |
|  divclk                                               | hms_cnt0/hour_l[3]_P_i_1_n_0                      | Receivor0/timedata_reg[18]_1                         |                1 |              1 |         1.00 |
|  divclk                                               | hms_cnt0/hour_l[3]_P_i_1_n_0                      | Receivor0/timedata_reg[17]_1                         |                1 |              1 |         1.00 |
|  divclk                                               | hms_cnt0/hour_l[3]_P_i_1_n_0                      | Receivor0/timedata_reg[16]_1                         |                1 |              1 |         1.00 |
|  divclk                                               | hms_cnt0/hour_l[3]_P_i_1_n_0                      | Receivor0/timedata_reg[19]_1                         |                1 |              1 |         1.00 |
|  divclk                                               | hms_cnt0/min_l[3]_P_i_1_n_0                       | Receivor0/timedata_reg[10]_1                         |                1 |              1 |         1.00 |
|  divclk                                               | hms_cnt0/min_l[3]_P_i_1_n_0                       | Receivor0/timedata_reg[11]_1                         |                1 |              1 |         1.00 |
|  divclk                                               | hms_cnt0/min_l[3]_P_i_1_n_0                       | Receivor0/timedata_reg[8]_1                          |                1 |              1 |         1.00 |
|  divclk                                               | hms_cnt0/min_l[3]_P_i_1_n_0                       | Receivor0/timedata_reg[9]_1                          |                1 |              1 |         1.00 |
|  divclk                                               | hms_cnt0/sec_h[3]_P_i_1_n_0                       | Receivor0/timedata_reg[7]_1                          |                1 |              1 |         1.00 |
|  divclk                                               | hms_cnt0/sec_h[3]_P_i_1_n_0                       | Receivor0/timedata_reg[6]_1                          |                1 |              1 |         1.00 |
|  divclk                                               | hms_cnt0/sec_h[3]_P_i_1_n_0                       | Receivor0/timedata_reg[4]_1                          |                1 |              1 |         1.00 |
|  divclk                                               | hms_cnt0/sec_h[3]_P_i_1_n_0                       | Receivor0/timedata_reg[5]_1                          |                1 |              1 |         1.00 |
|  divclk                                               | hms_cnt0/hour_h[3]_P_i_1_n_0                      | Receivor0/timedata_reg[22]_1                         |                1 |              1 |         1.00 |
|  divclk                                               | hms_cnt0/hour_h[3]_P_i_1_n_0                      | Receivor0/timedata_reg[23]_1                         |                1 |              1 |         1.00 |
|  divclk                                               | hms_cnt0/hour_h[3]_P_i_1_n_0                      | Receivor0/timedata_reg[20]_1                         |                1 |              1 |         1.00 |
|  divclk                                               | hms_cnt0/hour_h[3]_P_i_1_n_0                      | Receivor0/timedata_reg[21]_1                         |                1 |              1 |         1.00 |
|  clk_IBUF_BUFG                                        |                                                   | Receivor0/rst_13                                     |                1 |              1 |         1.00 |
|  clk_IBUF_BUFG                                        |                                                   | Receivor0/datedata_reg[9]_1                          |                1 |              1 |         1.00 |
|  clk_IBUF_BUFG                                        |                                                   | Receivor0/datedata_reg[12]_1                         |                1 |              1 |         1.00 |
|  clk_IBUF_BUFG                                        |                                                   | Receivor0/datedata_reg[12]_0                         |                1 |              1 |         1.00 |
|  clk_IBUF_BUFG                                        |                                                   | Receivor0/datedata_reg[16]_0                         |                1 |              1 |         1.00 |
|  clk_IBUF_BUFG                                        |                                                   | Receivor0/datedata_reg[8]_1                          |                1 |              1 |         1.00 |
|  clk_IBUF_BUFG                                        |                                                   | Receivor0/datedata_reg[16]_1                         |                1 |              1 |         1.00 |
|  clk_IBUF_BUFG                                        |                                                   | Receivor0/rst_1                                      |                1 |              1 |         1.00 |
|  clk_IBUF_BUFG                                        |                                                   | Receivor0/rst_14                                     |                1 |              1 |         1.00 |
|  clk_IBUF_BUFG                                        |                                                   | Receivor0/state2_inferred__0/i__carry__1             |                1 |              1 |         1.00 |
|  clk_IBUF_BUFG                                        |                                                   | Receivor0/rst_8                                      |                1 |              1 |         1.00 |
|  clk_IBUF_BUFG                                        |                                                   | Receivor0/state2_inferred__0/i__carry__0             |                1 |              1 |         1.00 |
|  clk_IBUF_BUFG                                        |                                                   | Receivor0/state2_inferred__0/i__carry__1_0           |                1 |              1 |         1.00 |
|  clk_IBUF_BUFG                                        |                                                   | Receivor0/rst_3                                      |                1 |              1 |         1.00 |
|  clk_IBUF_BUFG                                        |                                                   | Receivor0/state2_inferred__0/i__carry__0_0           |                1 |              1 |         1.00 |
|  clk_IBUF_BUFG                                        |                                                   | Receivor0/rst_2                                      |                1 |              1 |         1.00 |
|  clk_IBUF_BUFG                                        |                                                   | Receivor0/rst_9                                      |                1 |              1 |         1.00 |
|  clk_IBUF_BUFG                                        |                                                   | Receivor0/state2_inferred__0/i__carry__1_1           |                1 |              1 |         1.00 |
|  clk_IBUF_BUFG                                        | u_main_counter/yearCounter/state[13]_P_i_1_n_0    | Receivor0/rst_7                                      |                1 |              1 |         1.00 |
|  clk_IBUF_BUFG                                        | u_main_counter/yearCounter/state[13]_P_i_1_n_0    | Receivor0/rst_12                                     |                1 |              1 |         1.00 |
|  clk_IBUF_BUFG                                        | u_main_counter/yearCounter/state[13]_P_i_1_n_0    | Receivor0/rst_10                                     |                1 |              1 |         1.00 |
|  clk_IBUF_BUFG                                        | u_main_counter/yearCounter/state[13]_P_i_1_n_0    | Receivor0/rst_11                                     |                1 |              1 |         1.00 |
|  clk_IBUF_BUFG                                        | u_main_counter/yearCounter/state[13]_P_i_1_n_0    | Receivor0/rst_4                                      |                1 |              1 |         1.00 |
|  clk_IBUF_BUFG                                        | u_main_counter/yearCounter/state[13]_P_i_1_n_0    | Receivor0/rst_5                                      |                1 |              1 |         1.00 |
|  clk_IBUF_BUFG                                        | u_main_counter/yearCounter/state[13]_P_i_1_n_0    | Receivor0/rst_6                                      |                1 |              1 |         1.00 |
|  u_main_counter/yearCounter/state_reg[1]_LDC_i_1_n_0  |                                                   | Receivor0/rst_13                                     |                1 |              1 |         1.00 |
|  clk_IBUF_BUFG                                        | u_main_counter/yearCounter/state[13]_P_i_1_n_0    | u_main_counter/yearCounter/state_reg[13]_LDC_i_1_n_0 |                1 |              1 |         1.00 |
|  clk_IBUF_BUFG                                        | u_main_counter/yearCounter/state[13]_P_i_1_n_0    | u_main_counter/yearCounter/state_reg[0]_LDC_i_1_n_0  |                1 |              1 |         1.00 |
|  clk_IBUF_BUFG                                        | u_main_counter/yearCounter/state[13]_P_i_1_n_0    | u_main_counter/yearCounter/state_reg[12]_LDC_i_1_n_0 |                1 |              1 |         1.00 |
|  clk_IBUF_BUFG                                        | u_main_counter/yearCounter/state[13]_P_i_1_n_0    | u_main_counter/yearCounter/state_reg[11]_LDC_i_1_n_0 |                1 |              1 |         1.00 |
|  clk_IBUF_BUFG                                        | u_main_counter/yearCounter/state[13]_P_i_1_n_0    | u_main_counter/yearCounter/state_reg[5]_LDC_i_1_n_0  |                1 |              1 |         1.00 |
|  clk_IBUF_BUFG                                        | u_main_counter/yearCounter/state[13]_P_i_1_n_0    | u_main_counter/yearCounter/state_reg[6]_LDC_i_1_n_0  |                1 |              1 |         1.00 |
|  clk_IBUF_BUFG                                        | u_main_counter/yearCounter/state[13]_P_i_1_n_0    | u_main_counter/yearCounter/state_reg[1]_LDC_i_1_n_0  |                1 |              1 |         1.00 |
|  clk_IBUF_BUFG                                        | u_main_counter/monthCounter/state[3]_P_i_1__0_n_0 | Receivor0/datedata_reg[8]_0                          |                1 |              1 |         1.00 |
|  clk_IBUF_BUFG                                        | u_main_counter/monthCounter/state[3]_P_i_1__0_n_0 | Receivor0/datedata_reg[8]_2                          |                1 |              1 |         1.00 |
|  clk_IBUF_BUFG                                        | u_main_counter/monthCounter/state[3]_P_i_1__0_n_0 | Receivor0/rst_0                                      |                1 |              1 |         1.00 |
|  clk_IBUF_BUFG                                        | u_main_counter/monthCounter/state[3]_P_i_1__0_n_0 | Receivor0/datedata_reg[9]_0                          |                1 |              1 |         1.00 |
|  u_main_counter/yearCounter/state_reg[13]_LDC_i_1_n_0 |                                                   | Receivor0/rst_1                                      |                1 |              1 |         1.00 |
|  u_main_counter/yearCounter/state_reg[0]_LDC_i_1_n_0  |                                                   | Receivor0/rst_14                                     |                1 |              1 |         1.00 |
|  u_main_counter/yearCounter/state_reg[12]_LDC_i_1_n_0 |                                                   | Receivor0/rst_2                                      |                1 |              1 |         1.00 |
|  u_time_div/clk_btn                                   |                                                   | u_smg/rst                                            |                1 |              3 |         3.00 |
|  u_smg/divclk_reg_n_0                                 | rst_IBUF                                          |                                                      |                3 |              4 |         1.33 |
|  clk_IBUF_BUFG                                        | Receivor0/datedata[19]_i_1_n_0                    |                                                      |                1 |              4 |         4.00 |
|  clk_IBUF_BUFG                                        | Receivor0/datedata[31]_i_1_n_0                    |                                                      |                1 |              4 |         4.00 |
|  clk_IBUF_BUFG                                        | Receivor0/datedata[27]_i_1_n_0                    |                                                      |                1 |              4 |         4.00 |
|  clk_IBUF_BUFG                                        | Receivor0/datedata[11]_i_1_n_0                    |                                                      |                1 |              4 |         4.00 |
|  clk_IBUF_BUFG                                        | Receivor0/datedata[3]_i_1_n_0                     |                                                      |                1 |              4 |         4.00 |
|  clk_IBUF_BUFG                                        | Receivor0/datedata[23]_i_1_n_0                    |                                                      |                1 |              4 |         4.00 |
|  clk_IBUF_BUFG                                        | Receivor0/timedata[23]_i_1_n_0                    |                                                      |                2 |              4 |         2.00 |
|  clk_IBUF_BUFG                                        | Receivor0/timedata[11]_i_1_n_0                    |                                                      |                1 |              4 |         4.00 |
|  clk_IBUF_BUFG                                        | Receivor0/timedata[3]_i_1_n_0                     |                                                      |                1 |              4 |         4.00 |
|  clk_IBUF_BUFG                                        | Receivor0/timedata[15]_i_1_n_0                    |                                                      |                2 |              4 |         2.00 |
|  clk_IBUF_BUFG                                        | Receivor0/timedata[7]_i_1_n_0                     |                                                      |                1 |              4 |         4.00 |
|  clk_IBUF_BUFG                                        | Receivor0/timedata[19]_i_1_n_0                    |                                                      |                1 |              4 |         4.00 |
|  clk_IBUF_BUFG                                        | u_note_module/monthCounter/state[3]_i_1__1_n_0    | u_smg/rst                                            |                1 |              4 |         4.00 |
|  clk_IBUF_BUFG                                        | Receivor0/u_uart_recv/rx_cnt0                     | u_smg/rst                                            |                1 |              4 |         4.00 |
|  clk_IBUF_BUFG                                        | Receivor0/datedata[7]_i_1_n_0                     |                                                      |                1 |              4 |         4.00 |
|  clk_IBUF_BUFG                                        | u_main_counter/dayCounter/state[4]_i_1_n_0        | u_smg/rst                                            |                2 |              5 |         2.50 |
|  clk_IBUF_BUFG                                        |                                                   |                                                      |                3 |              5 |         1.67 |
|  clk_IBUF_BUFG                                        | u_note_module/dayCounter/state[4]_i_1__0_n_0      | u_smg/rst                                            |                1 |              5 |         5.00 |
|  clk_IBUF_BUFG                                        | Receivor0/u_uart_recv/uart_data[7]_i_1_n_0        | u_smg/rst                                            |                3 |              8 |         2.67 |
|  u_smg/divclk_reg_n_0                                 |                                                   | u_smg/rst                                            |                2 |             12 |         6.00 |
|  clk_IBUF_BUFG                                        | u_note_module/yearCounter/state[13]_i_1_n_0       | u_smg/rst                                            |                7 |             14 |         2.00 |
|  clk_IBUF_BUFG                                        | Receivor0/u_uart_recv/E[0]                        | u_smg/rst                                            |                5 |             16 |         3.20 |
|  clk_IBUF_BUFG                                        |                                                   | u_time_div/clk_div_cnt2[19]_i_1_n_0                  |                5 |             19 |         3.80 |
|  clk_IBUF_BUFG                                        |                                                   | u_smg/rst                                            |               42 |            126 |         3.00 |
+-------------------------------------------------------+---------------------------------------------------+------------------------------------------------------+------------------+----------------+--------------+


