#-----------------------------------------------------------
# Vivado v2020.2 (64-bit)
# SW Build 3064766 on Wed Nov 18 09:12:45 MST 2020
# IP Build 3064653 on Wed Nov 18 14:17:31 MST 2020
# Start of session at: Thu Jul  8 18:55:39 2021
# Process ID: 6992
# Current directory: E:/Study/Grade2.two/Digital_elec/kechengsheji/FPGA_files/FPGA_calendar_final
# Command line: vivado.exe -gui_launcher_event rodinguilauncherevent13120 E:\Study\Grade2.two\Digital_elec\kechengsheji\FPGA_files\FPGA_calendar_final\FPGA_calendar_final.xpr
# Log file: E:/Study/Grade2.two/Digital_elec/kechengsheji/FPGA_files/FPGA_calendar_final/vivado.log
# Journal file: E:/Study/Grade2.two/Digital_elec/kechengsheji/FPGA_files/FPGA_calendar_final\vivado.jou
#-----------------------------------------------------------
start_gui
open_project E:/Study/Grade2.two/Digital_elec/kechengsheji/FPGA_files/FPGA_calendar_final/FPGA_calendar_final.xpr
INFO: [Project 1-313] Project file moved from 'D:/Vivado_project/FPGA_calendar_final' since last save.
WARNING: [filemgmt 56-2] Default IP Output Path : Could not find the directory 'E:/Study/Grade2.two/Digital_elec/kechengsheji/FPGA_files/FPGA_calendar_final/FPGA_calendar_final.gen/sources_1', nor could it be found using path 'D:/Vivado_project/FPGA_calendar_final/FPGA_calendar_final.gen/sources_1'.
CRITICAL WARNING: [Project 1-311] Could not find the file 'E:/Study/Grade2.two/Digital_elec/kechengsheji/FPGA_files/FPGA_calendar_final/FPGA_calenaor_final.src/sources_1/new/Dcounter.v', nor could it be found using path 'D:/Vivado_project/FPGA_calendar_final/FPGA_calenaor_final.src/sources_1/new/Dcounter.v'.
CRITICAL WARNING: [Project 1-311] Could not find the file 'E:/Study/Grade2.two/Digital_elec/kechengsheji/FPGA_files/FPGA_calendar_final/FPGA_calenaor_final.src/sources_1/new/ExceptFor.v', nor could it be found using path 'D:/Vivado_project/FPGA_calendar_final/FPGA_calenaor_final.src/sources_1/new/ExceptFor.v'.
CRITICAL WARNING: [Project 1-311] Could not find the file 'E:/Study/Grade2.two/Digital_elec/kechengsheji/FPGA_files/FPGA_calendar_final/FPGA_calenaor_final.src/sources_1/new/Mcounter.v', nor could it be found using path 'D:/Vivado_project/FPGA_calendar_final/FPGA_calenaor_final.src/sources_1/new/Mcounter.v'.
CRITICAL WARNING: [Project 1-311] Could not find the file 'E:/Study/Grade2.two/Digital_elec/kechengsheji/FPGA_files/FPGA_calendar_final/FPGA_calenaor_final.src/sources_1/new/Ycounter.v', nor could it be found using path 'D:/Vivado_project/FPGA_calendar_final/FPGA_calenaor_final.src/sources_1/new/Ycounter.v'.
CRITICAL WARNING: [Project 1-311] Could not find the file 'E:/Study/Grade2.two/Digital_elec/kechengsheji/FPGA_files/FPGA_calendar_final/FPGA_calenaor_final.src/sources_1/new/hms_counter.v', nor could it be found using path 'D:/Vivado_project/FPGA_calendar_final/FPGA_calenaor_final.src/sources_1/new/hms_counter.v'.
CRITICAL WARNING: [Project 1-311] Could not find the file 'E:/Study/Grade2.two/Digital_elec/kechengsheji/FPGA_files/FPGA_calendar_final/FPGA_calenaor_final.src/sources_1/new/key_debounce.v', nor could it be found using path 'D:/Vivado_project/FPGA_calendar_final/FPGA_calenaor_final.src/sources_1/new/key_debounce.v'.
CRITICAL WARNING: [Project 1-311] Could not find the file 'E:/Study/Grade2.two/Digital_elec/kechengsheji/FPGA_files/FPGA_calendar_final/FPGA_calenaor_final.src/sources_1/new/main_UART.v', nor could it be found using path 'D:/Vivado_project/FPGA_calendar_final/FPGA_calenaor_final.src/sources_1/new/main_UART.v'.
CRITICAL WARNING: [Project 1-311] Could not find the file 'E:/Study/Grade2.two/Digital_elec/kechengsheji/FPGA_files/FPGA_calendar_final/FPGA_calenaor_final.src/sources_1/new/main_counter.v', nor could it be found using path 'D:/Vivado_project/FPGA_calendar_final/FPGA_calenaor_final.src/sources_1/new/main_counter.v'.
CRITICAL WARNING: [Project 1-311] Could not find the file 'E:/Study/Grade2.two/Digital_elec/kechengsheji/FPGA_files/FPGA_calendar_final/FPGA_calenaor_final.src/sources_1/new/smg.v', nor could it be found using path 'D:/Vivado_project/FPGA_calendar_final/FPGA_calenaor_final.src/sources_1/new/smg.v'.
CRITICAL WARNING: [Project 1-311] Could not find the file 'E:/Study/Grade2.two/Digital_elec/kechengsheji/FPGA_files/FPGA_calendar_final/FPGA_calenaor_final.src/sources_1/new/time_div.v', nor could it be found using path 'D:/Vivado_project/FPGA_calendar_final/FPGA_calenaor_final.src/sources_1/new/time_div.v'.
CRITICAL WARNING: [Project 1-311] Could not find the file 'E:/Study/Grade2.two/Digital_elec/kechengsheji/FPGA_files/FPGA_calendar_final/FPGA_calenaor_final.src/sources_1/new/uart_recv.v', nor could it be found using path 'D:/Vivado_project/FPGA_calendar_final/FPGA_calenaor_final.src/sources_1/new/uart_recv.v'.
CRITICAL WARNING: [Project 1-311] Could not find the file 'E:/Study/Grade2.two/Digital_elec/kechengsheji/FPGA_files/FPGA_calendar_final/FPGA_calenaor_final.src/sources_1/new/top_file.v', nor could it be found using path 'D:/Vivado_project/FPGA_calendar_final/FPGA_calenaor_final.src/sources_1/new/top_file.v'.
CRITICAL WARNING: [Project 1-311] Could not find the file 'E:/Study/Grade2.two/Digital_elec/kechengsheji/FPGA_files/FPGA_calendar_final/FPGA_calenaor_final.src/sources_1/new/UART/hms_counter.v', nor could it be found using path 'D:/Vivado_project/FPGA_calendar_final/FPGA_calenaor_final.src/sources_1/new/UART/hms_counter.v'.
CRITICAL WARNING: [Project 1-311] Could not find the file 'E:/Study/Grade2.two/Digital_elec/kechengsheji/FPGA_files/FPGA_calendar_final/FPGA_calenaor_final.src/sources_1/new/UART/main_UART.v', nor could it be found using path 'D:/Vivado_project/FPGA_calendar_final/FPGA_calenaor_final.src/sources_1/new/UART/main_UART.v'.
CRITICAL WARNING: [Project 1-311] Could not find the file 'E:/Study/Grade2.two/Digital_elec/kechengsheji/FPGA_files/FPGA_calendar_final/FPGA_calenaor_final.src/sources_1/new/UART/uart_recv.v', nor could it be found using path 'D:/Vivado_project/FPGA_calendar_final/FPGA_calenaor_final.src/sources_1/new/UART/uart_recv.v'.
CRITICAL WARNING: [Project 1-311] Could not find the file 'E:/Study/Grade2.two/Digital_elec/kechengsheji/FPGA_files/FPGA_calendar_final/FPGA_calenaor_final.src/sources_1/new/disp_counter.v', nor could it be found using path 'D:/Vivado_project/FPGA_calendar_final/FPGA_calenaor_final.src/sources_1/new/disp_counter.v'.
CRITICAL WARNING: [Project 1-311] Could not find the file 'E:/Study/Grade2.two/Digital_elec/kechengsheji/FPGA_files/FPGA_calendar_final/FPGA_calenaor_final.src/sources_1/new/test_led2bcd.v', nor could it be found using path 'D:/Vivado_project/FPGA_calendar_final/FPGA_calenaor_final.src/sources_1/new/test_led2bcd.v'.
CRITICAL WARNING: [Project 1-311] Could not find the file 'E:/Study/Grade2.two/Digital_elec/kechengsheji/FPGA_files/FPGA_calendar_final/FPGA_calenaor_final.src/sources_1/new/top_test.v', nor could it be found using path 'D:/Vivado_project/FPGA_calendar_final/FPGA_calenaor_final.src/sources_1/new/top_test.v'.
Scanning sources...
Finished scanning sources
INFO: [IP_Flow 19-234] Refreshing IP repositories
INFO: [IP_Flow 19-1704] No user IP repositories specified
INFO: [IP_Flow 19-2313] Loaded Vivado IP repository 'F:/Xilinx/Vivado/2020.2/data/ip'.
update_compile_order -fileset sources_1
file mkdir E:/Study/Grade2.two/Digital_elec/kechengsheji/FPGA_files/FPGA_calendar_final/FPGA_calendar_final.srcs/sources_1/new
close [ open E:/Study/Grade2.two/Digital_elec/kechengsheji/FPGA_files/FPGA_calendar_final/FPGA_calendar_final.srcs/sources_1/new/note_module.v w ]
add_files E:/Study/Grade2.two/Digital_elec/kechengsheji/FPGA_files/FPGA_calendar_final/FPGA_calendar_final.srcs/sources_1/new/note_module.v
update_compile_order -fileset sources_1
update_compile_order -fileset sources_1
reset_run synth_1
launch_runs synth_1 -jobs 12
[Thu Jul  8 18:58:34 2021] Launched synth_1...
Run output will be captured here: E:/Study/Grade2.two/Digital_elec/kechengsheji/FPGA_files/FPGA_calendar_final/FPGA_calendar_final.runs/synth_1/runme.log
launch_runs impl_1 -jobs 12
[Thu Jul  8 18:59:32 2021] Launched impl_1...
Run output will be captured here: E:/Study/Grade2.two/Digital_elec/kechengsheji/FPGA_files/FPGA_calendar_final/FPGA_calendar_final.runs/impl_1/runme.log
exit
INFO: [Common 17-206] Exiting Vivado at Thu Jul  8 19:02:01 2021...
